[INFO]: Run Directory: /openlane/designs/my_op/runs/RUN_2026.06.22_12.22.39
[INFO]: Saving runtime environment...
[INFO]: Preparing LEF files for the nom corner...
[INFO]: Preparing LEF files for the min corner...
[INFO]: Preparing LEF files for the max corner...
[INFO]: Running Synthesis (log: runs/RUN_2026.06.22_12.22.39/logs/synthesis/1-synthesis.log)...
[INFO]: Running Single-Corner Static Timing Analysis (log: runs/RUN_2026.06.22_12.22.39/logs/synthesis/2-sta.log)...
[INFO]: Running Initial Floorplanning (log: runs/RUN_2026.06.22_12.22.39/logs/floorplan/3-initial_fp.log)...
[WARNING]: Current core area is too small for the power grid settings chosen. The power grid will be scaled down.
[INFO]: Floorplanned with width 90.62 and height 89.76.
[INFO]: Running IO Placement (log: runs/RUN_2026.06.22_12.22.39/logs/floorplan/4-place_io.log)...
[INFO]: Running Tap/Decap Insertion (log: runs/RUN_2026.06.22_12.22.39/logs/floorplan/5-tap.log)...
[INFO]: Power planning with power {VPWR} and ground {VGND}...
[INFO]: Generating PDN (log: runs/RUN_2026.06.22_12.22.39/logs/floorplan/6-pdn.log)...
[INFO]: Running Global Placement (log: runs/RUN_2026.06.22_12.22.39/logs/placement/7-global.log)...
[INFO]: Running Single-Corner Static Timing Analysis (log: runs/RUN_2026.06.22_12.22.39/logs/placement/8-gpl_sta.log)...
[INFO]: Running Placement Resizer Design Optimizations (log: runs/RUN_2026.06.22_12.22.39/logs/placement/9-resizer.log)...
[INFO]: Running Detailed Placement (log: runs/RUN_2026.06.22_12.22.39/logs/placement/10-detailed.log)...
[INFO]: Running Single-Corner Static Timing Analysis (log: runs/RUN_2026.06.22_12.22.39/logs/placement/11-dpl_sta.log)...
[INFO]: Running Clock Tree Synthesis (log: runs/RUN_2026.06.22_12.22.39/logs/cts/12-cts.log)...
[INFO]: Running Single-Corner Static Timing Analysis (log: runs/RUN_2026.06.22_12.22.39/logs/cts/13-cts_sta.log)...
